[    0.000000] Initializing cgroup subsys cpuset
[    0.000000] Initializing cgroup subsys cpu
[    0.000000] Initializing cgroup subsys cpuacct
[    0.000000] Linux version 4.4.0-210-generic (buildd@lgw01-amd64-009) (gcc version 5.4.0 20160609 (Ubuntu 5.4.0-6ubuntu1~16.04.12) ) #242-Ubuntu SMP Fri Apr 16 09:57:56 UTC 2021 (Ubuntu 4.4.0-210.242-generic 4.4.262)
[    0.000000] Command line: BOOT_IMAGE=/boot/vmlinuz-4.4.0-210-generic root=LABEL=cloudimg-rootfs ro console=tty1 console=ttyS0
[    0.000000] KERNEL supported cpus:
[    0.000000]   Intel GenuineIntel
[    0.000000]   AMD AuthenticAMD
[    0.000000]   Centaur CentaurHauls
[    0.000000] x86/fpu: Legacy x87 FPU detected.
[    0.000000] e820: BIOS-provided physical RAM map:
[    0.000000] BIOS-e820: [mem 0x0000000000000000-0x000000000009fbff] usable
[    0.000000] BIOS-e820: [mem 0x000000000009fc00-0x000000000009ffff] reserved
[    0.000000] BIOS-e820: [mem 0x00000000000f0000-0x00000000000fffff] reserved
[    0.000000] BIOS-e820: [mem 0x0000000000100000-0x000000003ffeffff] usable
[    0.000000] BIOS-e820: [mem 0x000000003fff0000-0x000000003fffffff] ACPI data
[    0.000000] BIOS-e820: [mem 0x00000000fec00000-0x00000000fec00fff] reserved
[    0.000000] BIOS-e820: [mem 0x00000000fee00000-0x00000000fee00fff] reserved
[    0.000000] BIOS-e820: [mem 0x00000000fffc0000-0x00000000ffffffff] reserved
[    0.000000] NX (Execute Disable) protection: active
[    0.000000] SMBIOS 2.5 present.
[    0.000000] Hypervisor detected: KVM
[    0.000000] e820: last_pfn = 0x3fff0 max_arch_pfn = 0x400000000
[    0.000000] MTRR: Disabled
[    0.000000] x86/PAT: MTRRs disabled, skipping PAT initialization too.
[    0.000000] CPU MTRRs all blank - virtualized system.
[    0.000000] x86/PAT: Configuration [0-7]: WB  WT  UC- UC  WB  WT  UC- UC  
[    0.000000] found SMP MP-table at [mem 0x0009fff0-0x0009ffff] mapped at [ffff88000009fff0]
[    0.000000] Scanning 1 areas for low memory corruption
[    0.000000] RAMDISK: [mem 0x362dc000-0x37165fff]
[    0.000000] ACPI: Early table checksum verification disabled
[    0.000000] ACPI: RSDP 0x00000000000E0000 000024 (v02 VBOX  )
[    0.000000] ACPI: XSDT 0x000000003FFF0030 00003C (v01 VBOX   VBOXXSDT 00000001 ASL  00000061)
[    0.000000] ACPI: FACP 0x000000003FFF00F0 0000F4 (v04 VBOX   VBOXFACP 00000001 ASL  00000061)
[    0.000000] ACPI: DSDT 0x000000003FFF0470 002325 (v02 VBOX   VBOXBIOS 00000002 INTL 20100528)
[    0.000000] ACPI: FACS 0x000000003FFF0200 000040
[    0.000000] ACPI: FACS 0x000000003FFF0200 000040
[    0.000000] ACPI: APIC 0x000000003FFF0240 00005C (v02 VBOX   VBOXAPIC 00000001 ASL  00000061)
[    0.000000] ACPI: SSDT 0x000000003FFF02A0 0001CC (v01 VBOX   VBOXCPUT 00000002 INTL 20100528)
[    0.000000] No NUMA configuration found
[    0.000000] Faking a node at [mem 0x0000000000000000-0x000000003ffeffff]
[    0.000000] NODE_DATA(0) allocated [mem 0x3ffeb000-0x3ffeffff]
[    0.000000] kvm-clock: Using msrs 4b564d01 and 4b564d00
[    0.000000] kvm-clock: cpu 0, msr 0:3ffe3001, primary cpu clock
[    0.000000] kvm-clock: using sched offset of 7912197405 cycles
[    0.000000] clocksource: kvm-clock: mask: 0xffffffffffffffff max_cycles: 0x1cd42e4dffb, max_idle_ns: 881590591483 ns
[    0.000000] Zone ranges:
[    0.000000]   DMA      [mem 0x0000000000001000-0x0000000000ffffff]
[    0.000000]   DMA32    [mem 0x0000000001000000-0x000000003ffeffff]
[    0.000000]   Normal   empty
[    0.000000]   Device   empty
[    0.000000] Movable zone start for each node
[    0.000000] Early memory node ranges
[    0.000000]   node   0: [mem 0x0000000000001000-0x000000000009efff]
[    0.000000]   node   0: [mem 0x0000000000100000-0x000000003ffeffff]
[    0.000000] Initmem setup node 0 [mem 0x0000000000001000-0x000000003ffeffff]
[    0.000000] ACPI: PM-Timer IO Port: 0x4008
[    0.000000] IOAPIC[0]: apic_id 2, version 32, address 0xfec00000, GSI 0-23
[    0.000000] ACPI: INT_SRC_OVR (bus 0 bus_irq 0 global_irq 2 dfl dfl)
[    0.000000] ACPI: INT_SRC_OVR (bus 0 bus_irq 9 global_irq 9 low level)
[    0.000000] Using ACPI (MADT) for SMP configuration information
[    0.000000] smpboot: Allowing 2 CPUs, 0 hotplug CPUs
[    0.000000] PM: Registered nosave memory: [mem 0x00000000-0x00000fff]
[    0.000000] PM: Registered nosave memory: [mem 0x0009f000-0x0009ffff]
[    0.000000] PM: Registered nosave memory: [mem 0x000a0000-0x000effff]
[    0.000000] PM: Registered nosave memory: [mem 0x000f0000-0x000fffff]
[    0.000000] e820: [mem 0x40000000-0xfebfffff] available for PCI devices
[    0.000000] Booting paravirtualized kernel on KVM
[    0.000000] clocksource: refined-jiffies: mask: 0xffffffff max_cycles: 0xffffffff, max_idle_ns: 7645519600211568 ns
[    0.000000] setup_percpu: NR_CPUS:512 nr_cpumask_bits:512 nr_cpu_ids:2 nr_node_ids:1
[    0.000000] PERCPU: Embedded 33 pages/cpu @ffff88003fc00000 s95192 r8192 d31784 u1048576
[    0.000000] Built 1 zonelists in Node order, mobility grouping on.  Total pages: 257912
[    0.000000] Policy zone: DMA32
[    0.000000] Kernel command line: BOOT_IMAGE=/boot/vmlinuz-4.4.0-210-generic root=LABEL=cloudimg-rootfs ro console=tty1 console=ttyS0
[    0.000000] PID hash table entries: 4096 (order: 3, 32768 bytes)
[    0.000000] Memory: 997792K/1048120K available (8644K kernel code, 1332K rwdata, 4044K rodata, 1492K init, 1164K bss, 50328K reserved, 0K cma-reserved)
[    0.000000] SLUB: HWalign=64, Order=0-3, MinObjects=0, CPUs=2, Nodes=1
[    0.000000] Kernel/User page tables isolation: enabled
[    0.000000] Hierarchical RCU implementation.
[    0.000000] 	Build-time adjustment of leaf fanout to 64.
[    0.000000] 	RCU restricting CPUs from NR_CPUS=512 to nr_cpu_ids=2.
[    0.000000] RCU: Adjusting geometry for rcu_fanout_leaf=64, nr_cpu_ids=2
[    0.000000] NR_IRQS:33024 nr_irqs:440 16
[    0.000000] Console: colour VGA+ 80x25
[    0.000000] console [tty1] enabled
[    0.000000] console [ttyS0] enabled
[    0.000000] tsc: Detected 1799.999 MHz processor
[    2.515579] Calibrating delay loop (skipped) preset value.. 3599.99 BogoMIPS (lpj=7199996)
[    2.555804] pid_max: default: 32768 minimum: 301
[    2.578097] ACPI: Core revision 20150930
[    2.601520] ACPI: 2 ACPI AML tables successfully acquired and loaded
[    2.623682] Security Framework initialized
[    2.636606] Yama: becoming mindful.
[    2.648845] AppArmor: AppArmor initialized
[    2.667754] Dentry cache hash table entries: 131072 (order: 8, 1048576 bytes)
[    2.713283] Inode-cache hash table entries: 65536 (order: 7, 524288 bytes)
[    2.753991] Mount-cache hash table entries: 2048 (order: 2, 16384 bytes)
[    2.813332] Mountpoint-cache hash table entries: 2048 (order: 2, 16384 bytes)
[    2.882419] Initializing cgroup subsys io
[    2.918275] Initializing cgroup subsys memory
[    2.955348] Initializing cgroup subsys devices
[    2.995885] Initializing cgroup subsys freezer
[    3.036345] Initializing cgroup subsys net_cls
[    3.074553] Initializing cgroup subsys perf_event
[    3.118016] Initializing cgroup subsys net_prio
[    3.159232] Initializing cgroup subsys hugetlb
[    3.195574] Initializing cgroup subsys pids
[    3.239205] mce: CPU supports 0 MCE banks
[    3.279406] Last level iTLB entries: 4KB 64, 2MB 8, 4MB 8
[    3.323574] Last level dTLB entries: 4KB 64, 2MB 0, 4MB 0, 1GB 4
[    3.378833] Spectre V1 : Mitigation: usercopy/swapgs barriers and __user pointer sanitization
[    3.441383] Spectre V2 : Mitigation: Full generic retpoline
[    3.475817] Spectre V2 : Spectre v2 / SpectreRSB mitigation: Filling RSB on context switch
[    3.539203] Speculative Store Bypass: Vulnerable
[    3.567908] MDS: Mitigation: Clear CPU buffers
[    3.699739] Freeing SMP alternatives memory: 36K
[    3.943812] ftrace: allocating 32380 entries in 127 pages
[    6.279490] smpboot: APIC(0) Converting physical 0 to logical package 0
[    6.312520] smpboot: Max logical packages: 1
[    6.383001] ..TIMER: vector=0x30 apic1=0 pin1=2 apic2=-1 pin2=-1
[    6.517414] APIC calibration not consistent with PM-Timer: 103ms instead of 100ms
[    6.564218] APIC delta adjusted to PM-Timer: 6281163 (6499225)
[    6.585020] smpboot: CPU0: Intel(R) Core(TM) i5-8250U CPU @ 1.60GHz (family: 0x6, model: 0x8e, stepping: 0xa)
[    6.620521] Performance Events: unsupported p6 CPU model 142 no PMU driver, software events only.
[    6.950149] KVM setup paravirtual spinlock
[    6.978911] x86: Booting SMP configuration:
[    6.994572] .... node  #0, CPUs:      #1
[    7.016821] kvm-clock: cpu 1, msr 0:3ffe3041, secondary cpu clock
[    7.041868] mce: CPU supports 0 MCE banks
[    7.053306] TSC synchronization [CPU#0 -> CPU#1]:
[    7.071042] Measured 114036 cycles TSC warp between CPUs, turning off TSC clock.
[    7.098440] tsc: Marking TSC unstable due to check_tsc_sync_source failed
[    0.861500] x86: Booted up 1 node, 2 CPUs
[    0.864012] smpboot: Total of 2 processors activated (7199.99 BogoMIPS)
[    0.888450] devtmpfs: initialized
[    0.902158] evm: security.selinux
[    0.904010] evm: security.SMACK64
[    0.908011] evm: security.SMACK64EXEC
[    0.912011] evm: security.SMACK64TRANSMUTE
[    0.916010] evm: security.SMACK64MMAP
[    0.924034] evm: security.ima
[    0.928012] evm: security.capability
[    0.936841] clocksource: jiffies: mask: 0xffffffff max_cycles: 0xffffffff, max_idle_ns: 7645041785100000 ns
[    0.940130] futex hash table entries: 512 (order: 3, 32768 bytes)
[    0.952518] pinctrl core: initialized pinctrl subsystem
[    0.960013] RTC time: 16:06:00, date: 04/17/23
[    0.973595] NET: Registered protocol family 16
[    0.992032] cpuidle: using governor ladder
[    1.008034] cpuidle: using governor menu
[    1.012026] PCCT header not found.
[    1.016237] ACPI: bus type PCI registered
[    1.020012] acpiphp: ACPI Hot Plug PCI Controller Driver version: 0.5
[    1.025460] PCI: Using configuration type 1 for base access
[    1.073964] ACPI: Added _OSI(Module Device)
[    1.076014] ACPI: Added _OSI(Processor Device)
[    1.080016] ACPI: Added _OSI(3.0 _SCP Extensions)
[    1.084023] ACPI: Added _OSI(Processor Aggregator Device)
[    1.095111] ACPI: Executed 1 blocks of module-level executable AML code
[    1.132276] ACPI: Interpreter enabled
[    1.140016] ACPI: (supports S0 S5)
[    1.144013] ACPI: Using IOAPIC for interrupt routing
[    1.152943] PCI: Using host bridge windows from ACPI; if necessary, use "pci=nocrs" and report a bug
[    1.213311] ACPI: PCI Root Bridge [PCI0] (domain 0000 [bus 00-ff])
[    1.216035] acpi PNP0A03:00: _OSC: OS supports [ASPM ClockPM Segments MSI]
[    1.221530] acpi PNP0A03:00: _OSC: not requesting OS control; OS requires [ExtendedConfig ASPM ClockPM MSI]
[    1.224029] acpi PNP0A03:00: fail to add MMCONFIG information, can't access extended PCI configuration space under this bridge.
[    1.233807] PCI host bridge to bus 0000:00
[    1.236019] pci_bus 0000:00: root bus resource [io  0x0000-0x0cf7 window]
[    1.240013] pci_bus 0000:00: root bus resource [io  0x0d00-0xffff window]
[    1.244013] pci_bus 0000:00: root bus resource [mem 0x000a0000-0x000bffff window]
[    1.248016] pci_bus 0000:00: root bus resource [mem 0x40000000-0xfdffffff window]
[    1.252018] pci_bus 0000:00: root bus resource [bus 00-ff]
[    1.288601] pci 0000:00:01.1: legacy IDE quirk: reg 0x10: [io  0x01f0-0x01f7]
[    1.292041] pci 0000:00:01.1: legacy IDE quirk: reg 0x14: [io  0x03f6]
[    1.300013] pci 0000:00:01.1: legacy IDE quirk: reg 0x18: [io  0x0170-0x0177]
[    1.304017] pci 0000:00:01.1: legacy IDE quirk: reg 0x1c: [io  0x0376]
[    1.428129] pci 0000:00:07.0: quirk: [io  0x4000-0x403f] claimed by PIIX4 ACPI
[    1.432149] pci 0000:00:07.0: quirk: [io  0x4100-0x410f] claimed by PIIX4 SMB
[    1.480605] ACPI: PCI Interrupt Link [LNKA] (IRQs 5 9 10 *11)
[    1.497336] ACPI: PCI Interrupt Link [LNKB] (IRQs 5 9 *10 11)
[    1.514442] ACPI: PCI Interrupt Link [LNKC] (IRQs 5 *9 10 11)
[    1.528546] ACPI: PCI Interrupt Link [LNKD] (IRQs 5 9 10 *11)
[    1.542557] ACPI: Enabled 2 GPEs in block 00 to 07
[    1.544713] vgaarb: setting as boot device: PCI:0000:00:02.0
[    1.548000] vgaarb: device added: PCI:0000:00:02.0,decodes=io+mem,owns=io+mem,locks=none
[    1.548015] vgaarb: loaded
[    1.552010] vgaarb: bridge control possible 0000:00:02.0
[    1.557112] SCSI subsystem initialized
[    1.560452] ACPI: bus type USB registered
[    1.564061] usbcore: registered new interface driver usbfs
[    1.568121] usbcore: registered new interface driver hub
[    1.576129] usbcore: registered new device driver usb
[    1.584095] PCI: Using ACPI for IRQ routing
[    1.590723] NetLabel: Initializing
[    1.592009] NetLabel:  domain hash size = 128
[    1.596009] NetLabel:  protocols = UNLABELED CIPSOv4
[    1.600057] NetLabel:  unlabeled traffic allowed by default
[    1.604638] amd_nb: Cannot enumerate AMD northbridges
[    1.612018] clocksource: Switched to clocksource kvm-clock
[    1.651416] AppArmor: AppArmor Filesystem Enabled
[    1.651416] pnp: PnP ACPI init
[    1.651416] pnp: PnP ACPI: found 3 devices
[    1.894272] clocksource: acpi_pm: mask: 0xffffff max_cycles: 0xffffff, max_idle_ns: 2085701024 ns
[    1.925079] NET: Registered protocol family 2
[    1.944959] TCP established hash table entries: 8192 (order: 4, 65536 bytes)
[    1.973567] TCP bind hash table entries: 8192 (order: 5, 131072 bytes)
[    2.004394] TCP: Hash tables configured (established 8192 bind 8192)
[    2.032957] UDP hash table entries: 512 (order: 2, 16384 bytes)
[    2.081842] UDP-Lite hash table entries: 512 (order: 2, 16384 bytes)
[    2.103500] NET: Registered protocol family 1
[    2.120957] pci 0000:00:00.0: Limiting direct PCI/PCI transfers
[    2.141856] pci 0000:00:01.0: Activating ISA DMA hang workarounds
[    2.167649] Unpacking initramfs...
[    3.080299] Freeing initrd memory: 14888K
[    3.340548] clocksource: tsc: mask: 0xffffffffffffffff max_cycles: 0x19f228ab7a2, max_idle_ns: 440795289252 ns
[    3.369504] platform rtc_cmos: registered platform RTC device (no PNP device found)
[    3.392504] Scanning for low memory corruption every 60 seconds
[    3.469878] audit: initializing netlink subsys (disabled)
[    3.482676] audit: type=2000 audit(1681747567.369:1): initialized
[    3.500958] Initialise system trusted keyring
[    3.514412] HugeTLB registered 2 MB page size, pre-allocated 0 pages
[    3.534801] zbud: loaded
[    3.545140] VFS: Disk quotas dquot_6.6.0
[    3.553866] VFS: Dquot-cache hash table entries: 512 (order 0, 4096 bytes)
[    3.569998] squashfs: version 4.0 (2009/01/31) Phillip Lougher
[    3.584551] fuse init (API version 7.23)
[    3.594728] Key type big_key registered
[    3.604089] Allocating IMA MOK and blacklist keyrings.
[    3.665280] Key type asymmetric registered
[    3.683421] Asymmetric key parser 'x509' registered
[    3.702967] Block layer SCSI generic (bsg) driver version 0.4 loaded (major 249)
[    3.735431] io scheduler noop registered
[    3.751773] io scheduler deadline registered (default)
[    3.774622] io scheduler cfq registered
[    3.795714] pci_hotplug: PCI Hot Plug PCI Core version: 0.5
[    3.818891] pciehp: PCI Express Hot Plug Controller Driver version: 0.4
[    3.847825] ACPI: AC Adapter [AC] (off-line)
[    3.868959] input: Power Button as /devices/LNXSYSTM:00/LNXPWRBN:00/input/input0
[    3.905708] ACPI: Power Button [PWRF]
[    3.919660] input: Sleep Button as /devices/LNXSYSTM:00/LNXSLPBN:00/input/input1
[    3.945262] ACPI: Sleep Button [SLPF]
[    3.959847] GHES: HEST is not enabled!
[    3.975969] Serial: 8250/16550 driver, 32 ports, IRQ sharing enabled
[    3.981906] ACPI: Battery Slot [BAT0] (battery present)
[    4.081743] 00:02: ttyS0 at I/O 0x3f8 (irq = 4, base_baud = 115200) is a 16550A
[    4.116830] Linux agpgart interface v0.103
[    4.194255] loop: module loaded
[    4.236754] scsi host0: ata_piix
[    4.297431] scsi host1: ata_piix
[    4.325084] ata1: PATA max UDMA/33 cmd 0x1f0 ctl 0x3f6 bmdma 0xd000 irq 14
[    4.371352] ata2: PATA max UDMA/33 cmd 0x170 ctl 0x376 bmdma 0xd008 irq 15
[    4.396025] libphy: Fixed MDIO Bus: probed
[    4.412523] tun: Universal TUN/TAP device driver, 1.6
[    4.429876] tun: (C) 1999-2004 Max Krasnyansky <maxk@qualcomm.com>
[    4.451534] PPP generic driver version 2.4.2
[    4.467370] ehci_hcd: USB 2.0 'Enhanced' Host Controller (EHCI) Driver
[    4.489731] ehci-pci: EHCI PCI platform driver
[    4.502722] ehci-platform: EHCI generic platform driver
[    4.513666] ohci_hcd: USB 1.1 'Open' Host Controller (OHCI) Driver
[    4.525317] ohci-pci: OHCI PCI platform driver
[    4.534500] ohci-platform: OHCI generic platform driver
[    4.545652] uhci_hcd: USB Universal Host Controller Interface driver
[    4.557411] i8042: PNP: PS/2 Controller [PNP0303:PS2K,PNP0f03:PS2M] at 0x60,0x64 irq 1,12
[    4.583737] serio: i8042 KBD port at 0x60,0x64 irq 1
[    4.595610] serio: i8042 AUX port at 0x60,0x64 irq 12
[    4.606637] mousedev: PS/2 mouse device common for all mice
[    4.621075] rtc_cmos rtc_cmos: rtc core: registered rtc_cmos as rtc0
[    4.638825] rtc_cmos rtc_cmos: alarms up to one day, 114 bytes nvram
[    4.653676] i2c /dev entries driver
[    4.661023] device-mapper: uevent: version 1.0.3
[    4.672423] device-mapper: ioctl: 4.34.0-ioctl (2015-10-28) initialised: dm-devel@redhat.com
[    4.691052] ledtrig-cpu: registered to indicate activity on CPUs
[    4.713724] input: AT Translated Set 2 keyboard as /devices/platform/i8042/serio0/input/input2
[    4.744584] NET: Registered protocol family 10
[    4.763994] NET: Registered protocol family 17
[    4.800840] Key type dns_resolver registered
[    4.816024] registered taskstats version 1
[    4.832940] Loading compiled-in X.509 certificates
[    4.851147] Loaded X.509 cert 'Build time autogenerated kernel key: cf00e047681d67edb2720680708b7d9498083038'
[    4.886063] zswap: loaded using pool lzo/zbud
[    4.918318] Key type trusted registered
[    4.961839] Key type encrypted registered
[    4.978332] AppArmor: AppArmor sha1 policy hashing enabled
[    5.003639] ima: No TPM chip found, activating TPM-bypass!
[    5.030162] ima: Allocated hash algorithm: sha1
[    5.058931] evm: HMAC attrs: 0x1
[    5.080770]   Magic number: 3:28:136
[    5.104653] rtc_cmos rtc_cmos: setting system clock to 2023-04-17 16:06:06 UTC (1681747566)
[    5.151730] BIOS EDD facility v0.16 2004-Jun-25, 0 devices found
[    5.178918] EDD information not available.
[    5.205487] Freeing unused kernel memory: 1492K
[    5.233077] Write protecting the kernel read-only data: 14336k
[    5.255532] Freeing unused kernel memory: 1584K
[    5.272180] Freeing unused kernel memory: 52K
Loading, please wait...
starting version 229
[    5.383996] random: systemd-udevd: uninitialized urandom read (16 bytes read, 6 bits of entropy available)
[    5.385204] random: udevadm: uninitialized urandom read (16 bytes read, 6 bits of entropy available)
[    5.385397] random: udevadm: uninitialized urandom read (16 bytes read, 6 bits of entropy available)
[    5.433257] random: udevadm: uninitialized urandom read (16 bytes read, 6 bits of entropy available)
[    5.433344] random: udevadm: uninitialized urandom read (16 bytes read, 6 bits of entropy available)
[    5.433800] random: udevadm: uninitialized urandom read (16 bytes read, 6 bits of entropy available)
[    5.434018] random: udevadm: uninitialized urandom read (16 bytes read, 6 bits of entropy available)
[    5.434161] random: udevadm: uninitialized urandom read (16 bytes read, 6 bits of entropy available)
[    5.434401] random: udevadm: uninitialized urandom read (16 bytes read, 6 bits of entropy available)
[    5.434505] random: udevadm: uninitialized urandom read (16 bytes read, 6 bits of entropy available)
[    5.821579] e1000: Intel(R) PRO/1000 Network Driver - version 7.3.21-k8-NAPI
[    5.824184] e1000: Copyright (c) 1999-2006 Intel Corporation.
[    5.909374] Fusion MPT base driver 3.04.20
[    5.920184] Copyright (c) 1999-2008 LSI Corporation
[    5.961263] Fusion MPT SPI Host driver 3.04.20
[    7.488969] e1000 0000:00:03.0 eth0: (PCI:33MHz:32-bit) 02:be:82:6b:cc:1d
[    7.510485] e1000 0000:00:03.0 eth0: Intel(R) PRO/1000 Network Connection
[    7.753688] input: ImExPS/2 Generic Explorer Mouse as /devices/platform/i8042/serio1/input/input5
[    9.081945] e1000 0000:00:08.0 eth1: (PCI:33MHz:32-bit) 08:00:27:a6:fc:ca
[    9.108552] e1000 0000:00:08.0 eth1: Intel(R) PRO/1000 Network Connection
[    9.138232] e1000 0000:00:08.0 enp0s8: renamed from eth1
[    9.160672] mptbase: ioc0: Initiating bringup
[    9.193314] e1000 0000:00:03.0 enp0s3: renamed from eth0
[    9.291220] ioc0: LSI53C1030 A0: Capabilities={Initiator}
[    9.551521] scsi host2: ioc0: LSI53C1030 A0, FwRev=00000000h, Ports=1, MaxQ=256, IRQ=20
[    9.700720] scsi 2:0:0:0: Direct-Access     VBOX     HARDDISK         1.0  PQ: 0 ANSI: 5
[    9.704587] scsi target2:0:0: Beginning Domain Validation
[    9.778832] scsi target2:0:0: Domain Validation skipping write tests
[    9.799657] scsi target2:0:0: Ending Domain Validation
[    9.818923] scsi target2:0:0: asynchronous
[    9.841820] scsi 2:0:1:0: Direct-Access     VBOX     HARDDISK         1.0  PQ: 0 ANSI: 5
[    9.845517] scsi target2:0:1: Beginning Domain Validation
[    9.913066] scsi target2:0:1: Domain Validation skipping write tests
[    9.916571] scsi target2:0:1: Ending Domain Validation
[    9.948806] scsi target2:0:1: asynchronous
[   10.071950] sd 2:0:0:0: Attached scsi generic sg0 type 0
[   10.090095] sd 2:0:0:0: [sda] 83886080 512-byte logical blocks: (42.9 GB/40.0 GiB)
[   10.114940] sd 2:0:1:0: Attached scsi generic sg1 type 0
[   10.118859] sd 2:0:0:0: [sda] Write Protect is off
[   10.120671] sd 2:0:0:0: [sda] Incomplete mode parameter data
[   10.120674] sd 2:0:0:0: [sda] Assuming drive cache: write through
[   10.137882] sd 2:0:1:0: [sdb] 20480 512-byte logical blocks: (10.5 MB/10.0 MiB)
[   10.141140] sd 2:0:1:0: [sdb] Write Protect is off
[   10.143005]  sda: sda1
[   10.143848] sd 2:0:1:0: [sdb] Incomplete mode parameter data
[   10.143852] sd 2:0:1:0: [sdb] Assuming drive cache: write through
[   10.175922] sd 2:0:1:0: [sdb] Attached SCSI disk
[   10.179783] sd 2:0:0:0: [sda] Attached SCSI disk
Begin: Loading essential drivers ... [   14.175967] md: linear personality registered for level -1
[   14.243382] md: multipath personality registered for level -4
[   14.307377] md: raid0 personality registered for level 0
[   14.440989] md: raid1 personality registered for level 1
[   14.544699] raid6: sse2x1   gen()  4128 MB/s
[   14.624802] raid6: sse2x1   xor()  3291 MB/s
[   14.704803] raid6: sse2x2   gen()  4711 MB/s
[   14.784323] raid6: sse2x2   xor()  3236 MB/s
[   14.868376] raid6: sse2x4   gen()  4553 MB/s
[   14.948499] raid6: sse2x4   xor()  3835 MB/s
[   14.961892] raid6: using algorithm sse2x2 gen() 4711 MB/s
[   14.979759] raid6: .... xor() 3236 MB/s, rmw enabled
[   14.996836] raid6: using ssse3x2 recovery algorithm
[   15.030889] xor: measuring software checksum speed
[   21.009724]    prefetch64-sse: 1629462.000 MB/sec
[   21.152226]    generic_sse:  8932.000 MB/sec
[   21.185923] xor: using function: prefetch64-sse (1629462.000 MB/sec)
[   21.220556] async_tx: api initialized (async)
[   21.375504] md: raid6 personality registered for level 6
[   21.387751] md: raid5 personality registered for level 5
[   21.397810] md: raid4 personality registered for level 4
[   21.461852] md: raid10 personality registered for level 10
done.
Begin: Running /scripts/init-premount ... done.
Begin: Mounting root file system ... Begin: Running /scripts/local-top ... done.
Begin: Running /scripts/local-premount ... [   21.912456] Btrfs loaded
Scanning for Btrfs filesystems
done.
Warning: fsck not present, so skipping root file system
[   22.425339] EXT4-fs (sda1): mounted filesystem with ordered data mode. Opts: (null)
done.
Begin: Running /scripts/local-bottom ... done.
Begin: Running /scripts/init-bottom ... done.
[   23.293534] systemd[1]: systemd 229 running in system mode. (+PAM +AUDIT +SELINUX +IMA +APPARMOR +SMACK +SYSVINIT +UTMP +LIBCRYPTSETUP +GCRYPT +GNUTLS +ACL +XZ -LZ4 +SECCOMP +BLKID +ELFUTILS +KMOD -IDN)
[   23.331627] systemd[1]: Detected virtualization oracle.
[   23.345503] systemd[1]: Detected architecture x86-64.
[   23.361118] random: nonblocking pool is initialized

Welcome to [1mUbuntu 16.04.7 LTS[0m!

[   23.399330] systemd[1]: Set hostname to <ubuntu>.
[   23.438141] systemd[1]: Initializing machine ID from random generator.
[   23.461812] systemd[1]: Installed transient /etc/machine-id file.
[   24.269191] systemd[1]: Listening on Syslog Socket.
[[0;32m  OK  [0m] Listening on Syslog Socket.
[   24.298481] systemd[1]: Created slice User and Session Slice.
[[0;32m  OK  [0m] Created slice User and Session Slice.
[   24.326540] systemd[1]: Listening on Device-mapper event daemon FIFOs.
[[0;32m  OK  [0m] Listening on Device-mapper event daemon FIFOs.
[   24.361323] systemd[1]: Listening on udev Kernel Socket.
[[0;32m  OK  [0m] Listening on udev Kernel Socket.
[   24.387815] systemd[1]: Started Forward Password Requests to Wall Directory Watch.
[[0;32m  OK  [0m] Started Forward Password Requests to Wall Directory Watch.
[   24.430895] systemd[1]: Created slice System Slice.
[[0;32m  OK  [0m] Created slice System Slice.
[   24.466695] systemd[1]: Listening on Journal Socket (/dev/log).
[[0;32m  OK  [0m] Listening on Journal Socket (/dev/log).
[   24.526044] systemd[1]: Reached target User and Group Name Lookups.
[[0;32m  OK  [0m] Reached target User and Group Name Lookups.
[   24.595891] systemd[1]: Listening on LVM2 metadata daemon socket.
[[0;32m  OK  [0m] Listening on LVM2 metadata daemon socket.
[   24.656470] systemd[1]: Listening on LVM2 poll daemon socket.
[[0;32m  OK  [0m] Listening on LVM2 poll daemon socket.
[   24.726893] systemd[1]: Set up automount Arbitrary Executable File Formats File System Automount Point.
[[0;32m  OK  [0m] Set up automount Arbitrary Executab...ats File System Automount Point.
[   24.791871] systemd[1]: Listening on /dev/initctl Compatibility Named Pipe.
[[0;32m  OK  [0m] Listening on /dev/initctl Compatibility Named Pipe.
[   24.823783] systemd[1]: Listening on fsck to fsckd communication Socket.
[[0;32m  OK  [0m] Listening on fsck to fsckd communication Socket.
[   24.855063] systemd[1]: Started Trigger resolvconf update for networkd DNS.
[[0;32m  OK  [0m] Started Trigger resolvconf update for networkd DNS.
[   24.889011] systemd[1]: Created slice system-serial\x2dgetty.slice.
[[0;32m  OK  [0m] Created slice system-serial\x2dgetty.slice.
[   24.918595] systemd[1]: Listening on Journal Socket.
[[0;32m  OK  [0m] Listening on Journal Socket.
[   24.956862] systemd[1]: Starting Nameserver information manager...
         Starting Nameserver information manager...
[   24.991232] systemd[1]: Mounting Debug File System...
         Mounting Debug File System...
[   25.032302] systemd[1]: Starting Create list of required static device nodes for the current kernel...
         Starting Create list of required st... nodes for the current kernel...
[   25.087132] systemd[1]: Starting Monitoring of LVM2 mirrors, snapshots etc. using dmeventd or progress polling...
         Starting Monitoring of LVM2 mirrors... dmeventd or progress polling...
[   25.160076] systemd[1]: Starting File System Check on Root Device...
         Starting File System Check on Root Device...
[   25.232637] systemd[1]: Starting Set console keymap...
         Starting Set console keymap...
[   25.284402] systemd[1]: Mounting Huge Pages File System...
         Mounting Huge Pages File System...
[   25.369979] systemd[1]: Starting Uncomplicated firewall...
         Starting Uncomplicated firewall...
[   25.404955] systemd[1]: Starting Load Kernel Modules...
         Starting Load Kernel Modules...
[   25.449861] systemd[1]: Reached target Encrypted Volumes.
[[0;32m  OK  [0m] Reached target Encrypted Volumes.
[   25.475636] systemd[1]: Reached target Slices.
[[   25.490813] Loading iSCSI transport class v2.0-870.
[0;32m  OK  [0m] Reached target Slices.
[   25.507461] systemd[1]: Listening on Journal Audit Socket.
[[0;32m  OK  [0m] Listening on Journal Audit Socket.
[   25.559692] iscsi: registered transport (tcp)
[   25.563117] systemd[1]: Starting Journal Service...
         Starting Journal Service...
[   25.625571] systemd[1]: Reached target System Time Synchronized.
[[0;32m  OK  [0m] Reached target System Time Synchronized.
[   25.682636] systemd[1]: Reached target Swap.
[[0;32m  OK  [0m] Reached target Swap.
[   25.734720] systemd[1]: Listening on udev Control Socket.
[[0;32m  OK  [0m] Listening on udev Control Socket.
[   25.810099] systemd[1]: Mounting POSIX Message Queue File System...
         Mounting POSIX Message Queue File System...
[   25.883893] systemd[1]: Mounted Huge Pages File System.
[[0;32m  OK  [0m] Mounted Huge Pages File System.
[   25.987978] systemd[1]: Mounted POSIX Message Queue File System.
[[0;32m  OK  [0m] Mounted POSIX Message Queue File System.
[   26.059823] systemd[1]: Mounted Debug File System.
[[0;32m  OK  [0m] Mounted Debug File System.[   26.113988] iscsi: registered transport (iser)

[   26.133922] systemd[1]: Started Journal Service.
[[0;32m  OK  [0m] Started Journal Service.
[[0;32m  OK  [0m] Started Create list of required sta...ce nodes for the current kernel.
[[0;32m  OK  [0m] Started File System Check on Root Device.
[[0;32m  OK  [0m] Started Set console keymap.
[[0;32m  OK  [0m] Started Uncomplicated firewall.
[[0;32m  OK  [0m] Started Load Kernel Modules.
[[0;32m  OK  [0m] Started Nameserver information manager.
[[0;32m  OK  [0m] Started LVM2 metadata daemon.
[[0;32m  OK  [0m] Started File System Check Daemon to report status.
         Starting Apply Kernel Variables...
         Mounting FUSE Control File System...
         Starting Remount Root and Kernel File Systems...
         Starting Create Static Device Nodes in /dev...
[[0;32m  OK  [0m] Mounted FUSE Control File System.
[[0;32m  OK  [0m] Started Apply Kernel Variables.
[[0;32m  OK  [0m] Started Remount Root and Kernel File Systems.
         Starting Flush Journal to Persistent Storage...
         Starting Load/Save Random Seed...
         Starting udev Coldplug all Devices...
[[0;32m  OK  [0m] Started Create Static Device Nodes in /dev.
[[0;32m  OK  [0m] Started Load/Save Random Seed.
         Starting udev Kernel Device Manager...
[[0;32m  OK  [0m] Started Flush Journal to Persistent Storage.
[[0;32m  OK  [0m] Started Monitoring of LVM2 mirrors,...ng dmeventd or progress polling.
[[0;32m  OK  [0m] Reached target Local File Systems (Pre).
[[0;32m  OK  [0m] Reached target Local File Systems.
         Starting Create Volatile Files and Directories...
         Starting Tell Plymouth To Write Out Runtime Data...
         Starting LSB: AppArmor initialization...
         Starting Initial cloud-init job (pre-networking)...
         Starting Commit a transient machine-id on disk...
         Starting Set console font and keymap...
[[0;32m  OK  [0m] Started udev Coldplug all Devices.
[[0;32m  OK  [0m] Started Create Volatile Files and Directories.
[[0;32m  OK  [0m] Started Tell Plymouth To Write Out Runtime Data.
[[0;32m  OK  [0m] Started Commit a transient machine-id on disk.
[[0;32m  OK  [0m] Started udev Kernel Device Manager.
         Starting Update UTMP about System Boot/Shutdown...
[[0;32m  OK  [0m] Started Dispatch Password Requests to Console Directory Watch.
[[0;32m  OK  [0m] Started Update UTMP about System Boot/Shutdown.
[[0;32m  OK  [0m] Found device /dev/ttyS0.
[[0;32m  OK  [0m] Listening on Load/Save RF Kill Switch Status /dev/rfkill Watch.
[   34.922692] cloud-init[475]: Cloud-init v. 21.1-19-gbad84ad4-0ubuntu1~16.04.2 running 'init-local' at Mon, 17 Apr 2023 16:06:34 +0000. Up 33.47 seconds.
[[0;32m  OK  [0m] Started LSB: AppArmor initialization.
         Starting Load AppArmor profiles managed internally by snapd...
[[0;32m  OK  [0m] Started Initial cloud-init job (pre-networking).
[[0;32m  OK  [0m] Started Set console font and keymap.
[[0;32m  OK  [0m] Started Load AppArmor profiles managed internally by snapd.
[[0;32m  OK  [0m] Created slice system-getty.slice.
[[0;32m  OK  [0m] Reached target Network (Pre).
         Starting Raise network interfaces...
[[0;32m  OK  [0m] Started Raise network interfaces.
         Starting Initial cloud-init job (metadata service crawler)...
[[0;32m  OK  [0m] Reached target Network.
[   42.817426] cloud-init[951]: Cloud-init v. 21.1-19-gbad84ad4-0ubuntu1~16.04.2 running 'init' at Mon, 17 Apr 2023 16:06:42 +0000. Up 40.97 seconds.
[   42.830536] cloud-init[951]: ci-info: ++++++++++++++++++++++++++++++++++++++Net device info+++++++++++++++++++++++++++++++++++++++
[   42.845449] cloud-init[951]: ci-info: +--------+-------+----------------------------+---------------+--------+-------------------+
[   42.857577] cloud-init[951]: ci-info: | Device |   Up  |          Address           |      Mask     | Scope  |     Hw-Address    |
[   42.870613] cloud-init[951]: ci-info: +--------+-------+----------------------------+---------------+--------+-------------------+
[   42.884033] cloud-init[951]: ci-info: | enp0s3 |  True |         10.0.2.15          | 255.255.255.0 | global | 02:be:82:6b:cc:1d |
[   42.897708] cloud-init[951]: ci-info: | enp0s3 |  True | fe80::be:82ff:fe6b:cc1d/64 |       .       |  link  | 02:be:82:6b:cc:1d |
[   42.909763] cloud-init[951]: ci-info: | enp0s8 | False |             .              |       .       |   .    | 08:00:27:a6:fc:ca |
[   42.922319] cloud-init[951]: ci-info: |   lo   |  True |         127.0.0.1          |   255.0.0.0   |  host  |         .         |
[   42.935239] cloud-init[951]: ci-info: |   lo   |  True |          ::1/128           |       .       |  host  |         .         |
[   42.948427] cloud-init[951]: ci-info: +--------+-------+----------------------------+---------------+--------+-------------------+
[   42.959429] cloud-init[951]: ci-info: +++++++++++++++++++++++++++Route IPv4 info++++++++++++++++++++++++++++
[   42.970691] cloud-init[951]: ci-info: +-------+-------------+----------+---------------+-----------+-------+
[   42.982314] cloud-init[951]: ci-info: | Route | Destination | Gateway  |    Genmask    | Interface | Flags |
[   42.992366] cloud-init[951]: ci-info: +-------+-------------+----------+---------------+-----------+-------+
[   43.003417] cloud-init[951]: ci-info: |   0   |   0.0.0.0   | 10.0.2.2 |    0.0.0.0    |   enp0s3  |   UG  |
[   43.014393] cloud-init[951]: ci-info: |   1   |   10.0.2.0  | 0.0.0.0  | 255.255.255.0 |   enp0s3  |   U   |
[   43.023333] cloud-init[951]: ci-info: +-------+-------------+----------+---------------+-----------+-------+
[   43.034194] cloud-init[951]: ci-info: +++++++++++++++++++Route IPv6 info+++++++++++++++++++
[   43.043209] cloud-init[951]: ci-info: +-------+-------------+---------+-----------+-------+
[   43.067555] cloud-init[951]: ci-info: | Route | Destination | Gateway | Interface | Flags |
[   43.084750] cloud-init[951]: ci-info: +-------+-------------+---------+-----------+-------+
[   43.087823] cloud-init[951]: ci-info: |   0   |  fe80::/64  |    ::   |   enp0s3  |   U   |
[   43.094601] cloud-init[951]: ci-info: |   3   |   ff00::/8  |    ::   |   enp0s3  |   U   |
[   43.095339] cloud-init[951]: ci-info: +-------+-------------+---------+-----------+-------+
[   43.096946] cloud-init[951]: Generating public/private rsa key pair.
[   43.097749] cloud-init[951]: Your identification has been saved in /etc/ssh/ssh_host_rsa_key.
[   43.098846] cloud-init[951]: Your public key has been saved in /etc/ssh/ssh_host_rsa_key.pub.
[   43.099195] cloud-init[951]: The key fingerprint is:
[   43.099573] cloud-init[951]: SHA256:UlJgHt8hL+BhbVzSEkT0+tfzU52gMrvJLrIl7PD9+gA root@ubuntu-xenial
[   43.102390] cloud-init[951]: The key's randomart image is:
[   43.103500] cloud-init[951]: +---[RSA 2048]----+
[   43.106016] cloud-init[951]: |      BBO+o      |
[   43.107063] cloud-init[951]: |     = *=*..     |
[   43.107406] cloud-init[951]: |      +.+.+      |
[   43.107773] cloud-init[951]: |       o o   .   |
[   43.110417] cloud-init[951]: |     E. S   . . o|
[   43.111652] cloud-init[951]: |    . .. + . . .o|
[   43.113871] cloud-init[951]: |   . o o  = . o .|
[   43.115482] cloud-init[951]: |    +.+.o...   + |
[   43.117903] cloud-init[951]: |     +oo*B.     o|
[   43.118961] cloud-init[951]: +----[SHA256]-----+
[   43.120099] cloud-init[951]: Generating public/private dsa key pair.
[   43.120753] cloud-init[951]: Your identification has been saved in /etc/ssh/ssh_host_dsa_key.
[   43.121938] cloud-init[951]: Your public key has been saved in /etc/ssh/ssh_host_dsa_key.pub.
[   43.123233] cloud-init[951]: The key fingerprint is:
[   43.126839] cloud-init[951]: SHA256:ZLE5l4gGEwuDR0mqJIgJBIlbtsQwqtq8TdULPp9yoZg root@ubuntu-xenial
[   43.127161] cloud-init[951]: The key's randomart image is:
[   43.130426] cloud-init[951]: +---[DSA 1024]----+
[   43.131737] cloud-init[951]: |OO=.+.  .        |
[   43.132055] cloud-init[951]: |O+Bo + . = .     |
[   43.132914] cloud-init[951]: |BB .. o B o      |
[   43.134517] cloud-init[951]: |* .  . + o       |
[   43.137364] cloud-init[951]: |o     o S        |
[   43.138347] cloud-init[951]: |.o   o ...       |
[   43.139576] cloud-init[951]: |. o .oo...       |
[   43.141780] cloud-init[951]: |   +E oo..       |
[   43.143294] cloud-init[951]: |  . .  oo        |
[   43.145739] cloud-init[951]: +----[SHA256]-----+
[   43.147116] cloud-init[951]: Generating public/private ecdsa key pair.
[   43.149067] cloud-init[951]: Your identification has been saved in /etc/ssh/ssh_host_ecdsa_key.
[   43.151032] cloud-init[951]: Your public key has been saved in /etc/ssh/ssh_host_ecdsa_key.pub.
[   43.152940] cloud-init[951]: The key fingerprint is:
[   43.154928] cloud-init[951]: SHA256:evg40qH4uljiK/XpR0PAQIy7UBIUd3rR7wjjk9WiPng root@ubuntu-xenial
[   43.155963] cloud-init[951]: The key's randomart image is:
[   43.158424] cloud-init[951]: +---[ECDSA 256]---+
[   43.159809] cloud-init[951]: |oB++ o.          |
[   43.160072] cloud-init[951]: |o + = ..         |
[   43.161503] cloud-init[951]: | + . o  o        |
[   43.163021] cloud-init[951]: |o   .o.o o       |
[   43.164139] cloud-init[951]: |..  ..* S        |
[   43.166612] cloud-init[951]: |. .  =++ .       |
[   43.167703] cloud-init[951]: |...oo=+o.        |
[   43.170330] cloud-init[951]: |o+..=E++         |
[   43.171685] cloud-init[951]: |oo+=+oo..        |
[   43.173931] cloud-init[951]: +----[SHA256]-----+
[   43.175539] cloud-init[951]: Generating public/private ed25519 key pair.
[   43.178010] cloud-init[951]: Your identification has been saved in /etc/ssh/ssh_host_ed25519_key.
[   43.179305] cloud-init[951]: Your public key has been saved in /etc/ssh/ssh_host_ed25519_key.pub.
[   43.180990] cloud-init[951]: The key fingerprint is:
[   43.181782] cloud-init[951]: SHA256:zuPSCv1yMOLycDwNH0pL794OlCWmcVtcgiONAEsCG3s root@ubuntu-xenial
[   43.183897] cloud-init[951]: The key's randomart image is:
[   43.186553] cloud-init[951]: +--[ED25519 256]--+
[   43.187582] cloud-init[951]: |*o.. o .. .      |
[   43.190034] cloud-init[951]: |o=  o +. o       |
[   43.193335] cloud-init[951]: |+ E ..+.+        |
[   43.194894] cloud-init[951]: | .   = *         |
[   43.196093] cloud-init[951]: |    = = S        |
[   43.196765] cloud-init[951]: |   +.Xo+         |
[   43.198480] cloud-init[951]: |  ..B.*++        |
[   43.199547] cloud-init[951]: |  .o.+o=o.       |
[   43.201237] cloud-init[951]: |   o..+*=        |
[   43.202822] cloud-init[951]: +----[SHA256]-----+
[[0;32m  OK  [0m] Started Initial cloud-init job (metadata service crawler).
[[0;32m  OK  [0m] Reached target System Initialization.
[[0;32m  OK  [0m] Started Daily apt download activities.
[[0;32m  OK  [0m] Listening on D-Bus System Message Bus Socket.
[[0;32m  OK  [0m] Listening on UUID daemon activation socket.
[[0;32m  OK  [0m] Started Ubuntu Advantage update messaging.
[[0;32m  OK  [0m] Started Daily apt upgrade and clean activities.
[[0;32m  OK  [0m] Started Daily Cleanup of Temporary Directories.
[[0;32m  OK  [0m] Started Message of the Day.
[[0;32m  OK  [0m] Reached target Timers.
[[0;32m  OK  [0m] Listening on ACPID Listen Socket.
[[0;32m  OK  [0m] Started ACPI Events Check.
[[0;32m  OK  [0m] Reached target Paths.
         Starting LXD - unix socket.
         Starting Socket activation for snappy daemon.
[[0;32m  OK  [0m] Reached target Network is Online.
         Starting iSCSI initiator daemon (iscsid)...
[[0;32m  OK  [0m] Reached target Cloud-config availability.
[[0;32m  OK  [0m] Listening on LXD - unix socket.
[[0;32m  OK  [0m] Listening on Socket activation for snappy daemon.
[[0;32m  OK  [0m] Reached target Sockets.
[[0;32m  OK  [0m] Reached target Basic System.
         Starting Virtualbox guest utils...
         Starting LXD - container startup/shutdown...
[[0;32m  OK  [0m] Started Regular background program processing daemon.
[[0;32m  OK  [0m] Started FUSE filesystem for LXC.
         Starting LSB: Record successful boot for GRUB...
[[0;32m  OK  [0m] Started D-Bus System Message Bus.
         Starting Pollinate to seed the pseudo random number generator...
         Starting LSB: MD monitoring daemon...
         Starting System Logging Service...
[[0;32m  OK  [0m] Started Deferred execution scheduler.
         Starting Login Service...
         Starting Accounts Service...
         Starting /etc/rc.local Compatibility...
         Starting Snap Daemon...
[[0;32m  OK  [0m] Started ACPI event daemon.
[[0;32m  OK  [0m] Started /etc/rc.local Compatibility.
[[0;32m  OK  [0m] Started System Logging Service.
[[0;32m  OK  [0m] Started iSCSI initiator daemon (iscsid).
         Starting Login to default iSCSI targets...
[[0;32m  OK  [0m] Started Login Service.
[[0;32m  OK  [0m] Started Unattended Upgrades Shutdown.
[[0;32m  OK  [0m] Started LXD - container startup/shutdown.
[[0;32m  OK  [0m] Started LSB: Record successful boot for GRUB.
[[0;32m  OK  [0m] Started LSB: MD monitoring daemon.
         Starting Authenticate and Authorize Users to Run Privileged Tasks...
[[0;32m  OK  [0m] Started Login to default iSCSI targets.
[[0;32m  OK  [0m] Reached target Remote File Systems (Pre).
[[0;32m  OK  [0m] Reached target Remote File Systems.
         Starting LSB: automatic crash report generation...
         Starting Permit User Sessions...
         Starting LSB: daemon to balance interrupts for SMP systems...
         Starting LSB: Set the CPU Frequency Scaling governor to "ondemand"...
[[0;32m  OK  [0m] Started Permit User Sessions.
         Starting Hold until boot process finishes up...
         Starting Terminate Plymouth Boot Screen...
[[0;32m  OK  [0m] Started LSB: Set the CPU Frequency Scaling governor to "ondemand".
[[0;32m  OK  [0m] Started Hold until boot process finishes up.
[[0;32m  OK  [0m] Started Terminate Plymouth Boot Screen.
[[0;32m  OK  [0m] Started Authenticate and Authorize Users to Run Privileged Tasks.
[[0;32m  OK  [0m] Started Accounts Service.
         Starting Set console scheme...
[[0;32m  OK  [0m] Started Serial Getty on ttyS0.
[[0;32m  OK  [0m] Started Getty on tty1.
[[0;32m  OK  [0m] Reached target Login Prompts.
[[0;32m  OK  [0m] Started LSB: daemon to balance interrupts for SMP systems.
[[0;32m  OK  [0m] Started Set console scheme.
[[0;32m  OK  [0m] Started LSB: automatic crash report generation.
[[0;32m  OK  [0m] Started Virtualbox guest utils.
[[0;32m  OK  [0m] Started Snap Daemon.
         Starting Wait until snapd is fully seeded...
[[0;32m  OK  [0m] Started Pollinate to seed the pseudo random number generator.
         Starting OpenBSD Secure Shell server...
[[0;32m  OK  [0m] Started OpenBSD Secure Shell server.
[[0;32m  OK  [0m] Created slice User Slice of vagrant.
         Starting User Manager for UID 1000...
[[0;32m  OK  [0m] Started Session 1 of user vagrant.
[[0;32m  OK  [0m] Started User Manager for UID 1000.
[[0;32m  OK  [0m] Started Wait until snapd is fully seeded.
         Starting Apply the settings specified in cloud-config...
[[0;32m  OK  [0m] Reached target Multi-User System.
[[0;32m  OK  [0m] Reached target Graphical Interface.
         Starting Update UTMP about System Runlevel Changes...
[[0;32m  OK  [0m] Started Update UTMP about System Runlevel Changes.
[   51.846276] cloud-init[1374]: Generating locales (this might take a while)...

Ubuntu 16.04.7 LTS ubuntu-xenial ttyS0

ubuntu-xenial login: [   57.032848] cloud-init[1374]:   en_US.UTF-8... done
[   57.041897] cloud-init[1374]: Generation complete.
[   58.265836] cloud-init[1374]: Cloud-init v. 21.1-19-gbad84ad4-0ubuntu1~16.04.2 running 'modules:config' at Mon, 17 Apr 2023 16:06:52 +0000. Up 51.07 seconds.
ci-info: no authorized SSH keys fingerprints found for user ubuntu.
<14>Apr 17 16:07:00 ec2: 
<14>Apr 17 16:07:00 ec2: #############################################################
<14>Apr 17 16:07:00 ec2: -----BEGIN SSH HOST KEY FINGERPRINTS-----
<14>Apr 17 16:07:00 ec2: 1024 SHA256:ZLE5l4gGEwuDR0mqJIgJBIlbtsQwqtq8TdULPp9yoZg root@ubuntu-xenial (DSA)
<14>Apr 17 16:07:00 ec2: 256 SHA256:evg40qH4uljiK/XpR0PAQIy7UBIUd3rR7wjjk9WiPng root@ubuntu-xenial (ECDSA)
<14>Apr 17 16:07:00 ec2: 256 SHA256:zuPSCv1yMOLycDwNH0pL794OlCWmcVtcgiONAEsCG3s root@ubuntu-xenial (ED25519)
<14>Apr 17 16:07:00 ec2: 2048 SHA256:UlJgHt8hL+BhbVzSEkT0+tfzU52gMrvJLrIl7PD9+gA root@ubuntu-xenial (RSA)
<14>Apr 17 16:07:00 ec2: -----END SSH HOST KEY FINGERPRINTS-----
<14>Apr 17 16:07:00 ec2: #############################################################
-----BEGIN SSH HOST KEY KEYS-----
ecdsa-sha2-nistp256 AAAAE2VjZHNhLXNoYTItbmlzdHAyNTYAAAAIbmlzdHAyNTYAAABBBN9402wRWlRuCdJlcLaWtYAL3Vtw28MpZm1jgdYCr6Yo3Q19UvZoThKJoP95soq/qPfAH0IcjIGbvYBAA05NLzU= root@ubuntu-xenial
ssh-ed25519 AAAAC3NzaC1lZDI1NTE5AAAAIPmdrbSpf93YYICnYCUjzn92bNk3S/ifgxL4Kksbl4Xh root@ubuntu-xenial
ssh-rsa AAAAB3NzaC1yc2EAAAADAQABAAABAQDG66pnXkp/dtdnRFZDM64aKYoU+mtqqYjwOxwmds2Qnew7A0cBnDrUDTHbzOf06vRQnjl01RjZjPtWvZmgvlU2nIzsmZz9K1g46iw5tFA/8f04EBwQOsCsyM/o/9BPTzrsMDN3SE1pkJbmIJb5gaS9YkwsgZ4PqgUAH+rg+AYFzP7BaTmuS7Bwvrclyfeh8GKQ+gCrgyNnxZSOxNNl8yydRDitufKlfzW11akb629RrO1FHer+cp0qp1huMULF0og1wPUp6vU/+Ud9k90HDbQUNE0BASIXlPzWDq5bLqOSLOKp44oYiE9zHwEcaUKQNJPNRC1Q0I7yTOh2nP4eG5HD root@ubuntu-xenial
-----END SSH HOST KEY KEYS-----
[   59.572678] cloud-init[1574]: Cloud-init v. 21.1-19-gbad84ad4-0ubuntu1~16.04.2 running 'modules:final' at Mon, 17 Apr 2023 16:07:00 +0000. Up 59.05 seconds.
[   59.573093] cloud-init[1574]: ci-info: no authorized SSH keys fingerprints found for user ubuntu.
[   59.574700] cloud-init[1574]: Cloud-init v. 21.1-19-gbad84ad4-0ubuntu1~16.04.2 finished at Mon, 17 Apr 2023 16:07:00 +0000. Datasource DataSourceNoCloud [seed=/dev/sdb][dsmode=net].  Up 59.56 seconds
